2025-04-23 15:52:41 [31merror[39m: TypeError: Cannot read properties of undefined (reading 'id')
    at getMe (file:///C:/Users/Enigma/Downloads/BloodDonorServer/controllers/auth.controller.js:84:45)
    at Layer.handle [as handle_request] (C:\Users\Enigma\Downloads\BloodDonorServer\node_modules\express\lib\router\layer.js:95:5)
    at next (C:\Users\Enigma\Downloads\BloodDonorServer\node_modules\express\lib\router\route.js:149:13)
    at Route.dispatch (C:\Users\Enigma\Downloads\BloodDonorServer\node_modules\express\lib\router\route.js:119:3)
    at Layer.handle [as handle_request] (C:\Users\Enigma\Downloads\BloodDonorServer\node_modules\express\lib\router\layer.js:95:5)
    at C:\Users\Enigma\Downloads\BloodDonorServer\node_modules\express\lib\router\index.js:284:15
    at Function.process_params (C:\Users\Enigma\Downloads\BloodDonorServer\node_modules\express\lib\router\index.js:346:12)
    at next (C:\Users\Enigma\Downloads\BloodDonorServer\node_modules\express\lib\router\index.js:280:10)
    at Function.handle (C:\Users\Enigma\Downloads\BloodDonorServer\node_modules\express\lib\router\index.js:175:3)
    at router (C:\Users\Enigma\Downloads\BloodDonorServer\node_modules\express\lib\router\index.js:47:12)
2025-04-23 16:05:04 [31merror[39m: ReferenceError: ms is not defined
    at sendTokenResponse (file:///C:/Users/Enigma/Downloads/BloodDonorServer/controllers/auth.controller.js:134:40)
    at login (file:///C:/Users/Enigma/Downloads/BloodDonorServer/controllers/auth.controller.js:80:3)
2025-04-24 10:27:18 [31merror[39m: TypeError: Cannot read properties of undefined (reading 'role')
    at updateDetails (file:///C:/Users/Enigma/Downloads/BloodDonorServer/controllers/auth.controller.js:222:16)
    at Layer.handle [as handle_request] (C:\Users\Enigma\Downloads\BloodDonorServer\node_modules\express\lib\router\layer.js:95:5)
    at next (C:\Users\Enigma\Downloads\BloodDonorServer\node_modules\express\lib\router\route.js:149:13)
    at done (C:\Users\Enigma\Downloads\BloodDonorServer\node_modules\multer\lib\make-middleware.js:47:7)
    at indicateDone (C:\Users\Enigma\Downloads\BloodDonorServer\node_modules\multer\lib\make-middleware.js:51:68)
    at C:\Users\Enigma\Downloads\BloodDonorServer\node_modules\multer\lib\make-middleware.js:157:11
    at CloudinaryStorage.<anonymous> (C:\Users\Enigma\Downloads\BloodDonorServer\node_modules\multer-storage-cloudinary\lib\index.js:107:25)
    at step (C:\Users\Enigma\Downloads\BloodDonorServer\node_modules\multer-storage-cloudinary\lib\index.js:33:23)
    at Object.next (C:\Users\Enigma\Downloads\BloodDonorServer\node_modules\multer-storage-cloudinary\lib\index.js:14:53)
    at fulfilled (C:\Users\Enigma\Downloads\BloodDonorServer\node_modules\multer-storage-cloudinary\lib\index.js:5:58)
2025-04-24 11:43:57 [31merror[39m: MongoServerError: Plan executor error during findAndModify :: caused by :: E11000 duplicate key error collection: blood-donation.users index: email_1 dup key: { email: "solomon@gmail.com" }
    at Connection.sendCommand (C:\Users\Enigma\Downloads\BloodDonorServer\node_modules\mongodb\lib\cmap\connection.js:299:27)
    at process.processTicksAndRejections (node:internal/process/task_queues:105:5)
    at async Connection.command (C:\Users\Enigma\Downloads\BloodDonorServer\node_modules\mongodb\lib\cmap\connection.js:327:26)
    at async Server.command (C:\Users\Enigma\Downloads\BloodDonorServer\node_modules\mongodb\lib\sdam\server.js:168:29)
    at async FindOneAndUpdateOperation.executeCommand (C:\Users\Enigma\Downloads\BloodDonorServer\node_modules\mongodb\lib\operations\command.js:76:16)
    at async FindOneAndUpdateOperation.execute (C:\Users\Enigma\Downloads\BloodDonorServer\node_modules\mongodb\lib\operations\find_and_modify.js:85:24)
    at async tryOperation (C:\Users\Enigma\Downloads\BloodDonorServer\node_modules\mongodb\lib\operations\execute_operation.js:207:20)
    at async executeOperation (C:\Users\Enigma\Downloads\BloodDonorServer\node_modules\mongodb\lib\operations\execute_operation.js:75:16)
    at async Collection.findOneAndUpdate (C:\Users\Enigma\Downloads\BloodDonorServer\node_modules\mongodb\lib\collection.js:500:16)
    at async model.Query._findOneAndUpdate (C:\Users\Enigma\Downloads\BloodDonorServer\node_modules\mongoose\lib\query.js:3477:13)
